<?xml version="1.0" encoding="UTF-8"?>
<!-- Generated by org.testng.reporters.JUnitReportReporter -->
<testsuite hostname="DESKTOP-BCACTEM" name="girmavenpackage.GitMaven.Test1Test" tests="1" failures="0" timestamp="14 Jul 2020 09:54:05 GMT" time="74.635" errors="0">
  <testcase name="testclass1" time="74.635" classname="girmavenpackage.GitMaven.Test1Test"/>
</testsuite> <!-- girmavenpackage.GitMaven.Test1Test -->
